Build started 12/26/2016 2:29:10 AM.
     1>Project "C:\Users\Jaw\Documents\Visual Studio 2013\Projects\OpenGL Project\OpenGL Assignment1\OpenGL Assignment1.vcxproj" on node 2 (Rebuild target(s)).
     1>ClCompile:
         C:\Program Files (x86)\Microsoft Visual Studio 12.0\VC\bin\CL.exe /c /ZI /nologo /W3 /WX- /sdl /Od /Oy- /D WIN32 /D _DEBUG /D _CONSOLE /D _LIB /D _UNICODE /D UNICODE /Gm /EHsc /RTC1 /MDd /GS /fp:precise /Zc:wchar_t /Zc:forScope /Fo"Debug\\" /Fd"Debug\vc120.pdb" /Gd /TP /analyze- /errorReport:prompt AStar.cpp Autopilot.cpp GLProgram.cpp GLRenderer.cpp GLShader.cpp GLWindow.cpp main.cpp Mesh.cpp Model.cpp Terrain.cpp
         Terrain.cpp
         Model.cpp
         Mesh.cpp
         main.cpp
         GLWindow.cpp
         GLShader.cpp
         GLRenderer.cpp
         GLProgram.cpp
         Autopilot.cpp
         AStar.cpp
         Generating Code...
       ResourceCompile:
         C:\Program Files (x86)\Windows Kits\8.1\bin\x86\rc.exe /D _UNICODE /D UNICODE /l"0x0409" /nologo /fo"Debug\OpenGL Assignment1.res" "OpenGL Assignment1.rc" 
       Link:
         C:\Program Files (x86)\Microsoft Visual Studio 12.0\VC\bin\link.exe /ERRORREPORT:PROMPT /OUT:"C:\Users\Jaw\Documents\Visual Studio 2013\Projects\OpenGL Project\Debug\OpenGL Project.exe" /INCREMENTAL /NOLOGO opengl32.lib glfw3.lib glew32s.lib "assimp-vc120-mt.lib" soil.lib kernel32.lib user32.lib gdi32.lib winspool.lib comdlg32.lib advapi32.lib shell32.lib ole32.lib oleaut32.lib uuid.lib odbc32.lib odbccp32.lib /MANIFEST /MANIFESTUAC:"level='asInvoker' uiAccess='false'" /manifest:embed /DEBUG /PDB:"C:\Users\Jaw\Documents\Visual Studio 2013\Projects\OpenGL Project\Debug\OpenGL Project.pdb" /SUBSYSTEM:CONSOLE /TLBID:1 /DYNAMICBASE /NXCOMPAT /IMPLIB:"C:\Users\Jaw\Documents\Visual Studio 2013\Projects\OpenGL Project\Debug\OpenGL Project.lib" /MACHINE:X86 "Debug\OpenGL Assignment1.res"
         Debug\AStar.obj
         Debug\Autopilot.obj
         Debug\GLProgram.obj
         Debug\GLRenderer.obj
         Debug\GLShader.obj
         Debug\GLWindow.obj
         Debug\main.obj
         Debug\Mesh.obj
         Debug\Model.obj
         Debug\Terrain.obj
         soil.lib(SOIL.obj) : MSIL .netmodule or module compiled with /GL found; restarting link with /LTCG; add /LTCG to the link command line to improve linker performance
     1>LINK : warning LNK4075: ignoring '/INCREMENTAL' due to '/LTCG' specification
     1>AStar.obj : warning LNK4075: ignoring '/EDITANDCONTINUE' due to '/OPT:LBR' specification
     1>LINK : warning LNK4098: defaultlib 'MSVCRT' conflicts with use of other libs; use /NODEFAULTLIB:library
     1>LINK : warning LNK4098: defaultlib 'LIBCMT' conflicts with use of other libs; use /NODEFAULTLIB:library
         Generating code
         Finished generating code
     1>soil.lib(SOIL.obj) : warning LNK4099: PDB 'vc120.pdb' was not found with 'soil.lib(SOIL.obj)' or at 'C:\Users\Jaw\Documents\Visual Studio 2013\Projects\OpenGL Project\Debug\vc120.pdb'; linking object as if no debug info
     1>soil.lib(stb_image_aug.obj) : warning LNK4099: PDB 'vc120.pdb' was not found with 'soil.lib(stb_image_aug.obj)' or at 'C:\Users\Jaw\Documents\Visual Studio 2013\Projects\OpenGL Project\Debug\vc120.pdb'; linking object as if no debug info
     1>soil.lib(image_helper.obj) : warning LNK4099: PDB 'vc120.pdb' was not found with 'soil.lib(image_helper.obj)' or at 'C:\Users\Jaw\Documents\Visual Studio 2013\Projects\OpenGL Project\Debug\vc120.pdb'; linking object as if no debug info
     1>soil.lib(image_DXT.obj) : warning LNK4099: PDB 'vc120.pdb' was not found with 'soil.lib(image_DXT.obj)' or at 'C:\Users\Jaw\Documents\Visual Studio 2013\Projects\OpenGL Project\Debug\vc120.pdb'; linking object as if no debug info
     1>glew32s.lib(glew.obj) : warning LNK4099: PDB 'vc120.pdb' was not found with 'glew32s.lib(glew.obj)' or at 'C:\Users\Jaw\Documents\Visual Studio 2013\Projects\OpenGL Project\Debug\vc120.pdb'; linking object as if no debug info
         OpenGL Assignment1.vcxproj -> C:\Users\Jaw\Documents\Visual Studio 2013\Projects\OpenGL Project\Debug\OpenGL Project.exe
     1>Done Building Project "C:\Users\Jaw\Documents\Visual Studio 2013\Projects\OpenGL Project\OpenGL Assignment1\OpenGL Assignment1.vcxproj" (Rebuild target(s)).

Build succeeded.

Time Elapsed 00:00:34.44
