c:\users\jaw\documents\visual studio 2013\projects\opengl project\opengl assignment1\debug\vc120.pdb
c:\users\jaw\documents\visual studio 2013\projects\opengl project\opengl assignment1\debug\vc120.idb
c:\users\jaw\documents\visual studio 2013\projects\opengl project\opengl assignment1\debug\astar.obj
c:\users\jaw\documents\visual studio 2013\projects\opengl project\opengl assignment1\debug\autopilot.obj
c:\users\jaw\documents\visual studio 2013\projects\opengl project\opengl assignment1\debug\glprogram.obj
c:\users\jaw\documents\visual studio 2013\projects\opengl project\opengl assignment1\debug\glrenderer.obj
c:\users\jaw\documents\visual studio 2013\projects\opengl project\opengl assignment1\debug\glshader.obj
c:\users\jaw\documents\visual studio 2013\projects\opengl project\opengl assignment1\debug\glwindow.obj
c:\users\jaw\documents\visual studio 2013\projects\opengl project\opengl assignment1\debug\main.obj
c:\users\jaw\documents\visual studio 2013\projects\opengl project\opengl assignment1\debug\mesh.obj
c:\users\jaw\documents\visual studio 2013\projects\opengl project\opengl assignment1\debug\model.obj
c:\users\jaw\documents\visual studio 2013\projects\opengl project\opengl assignment1\debug\terrain.obj
c:\users\jaw\documents\visual studio 2013\projects\opengl project\debug\opengl project.exe
c:\users\jaw\documents\visual studio 2013\projects\opengl project\debug\opengl project.pdb
c:\users\jaw\documents\visual studio 2013\projects\opengl project\opengl assignment1\debug\opengl assignment1.res
c:\users\jaw\documents\visual studio 2013\projects\opengl project\opengl assignment1\debug\opengl project.tlog\cl.command.1.tlog
c:\users\jaw\documents\visual studio 2013\projects\opengl project\opengl assignment1\debug\opengl project.tlog\cl.read.1.tlog
c:\users\jaw\documents\visual studio 2013\projects\opengl project\opengl assignment1\debug\opengl project.tlog\cl.write.1.tlog
c:\users\jaw\documents\visual studio 2013\projects\opengl project\opengl assignment1\debug\opengl project.tlog\link.command.1.tlog
c:\users\jaw\documents\visual studio 2013\projects\opengl project\opengl assignment1\debug\opengl project.tlog\link.read.1.tlog
c:\users\jaw\documents\visual studio 2013\projects\opengl project\opengl assignment1\debug\opengl project.tlog\link.write.1.tlog
c:\users\jaw\documents\visual studio 2013\projects\opengl project\opengl assignment1\debug\opengl project.tlog\rc.command.1.tlog
c:\users\jaw\documents\visual studio 2013\projects\opengl project\opengl assignment1\debug\opengl project.tlog\rc.read.1.tlog
c:\users\jaw\documents\visual studio 2013\projects\opengl project\opengl assignment1\debug\opengl project.tlog\rc.write.1.tlog
