c:\users\jaw\documents\visual studio 2013\projects\opengl project\opengl assignment1\release\vc120.pdb
c:\users\jaw\documents\visual studio 2013\projects\opengl project\opengl assignment1\release\terrain.obj
c:\users\jaw\documents\visual studio 2013\projects\opengl project\opengl assignment1\release\model.obj
c:\users\jaw\documents\visual studio 2013\projects\opengl project\opengl assignment1\release\mesh.obj
c:\users\jaw\documents\visual studio 2013\projects\opengl project\opengl assignment1\release\main.obj
c:\users\jaw\documents\visual studio 2013\projects\opengl project\opengl assignment1\release\glwindow.obj
c:\users\jaw\documents\visual studio 2013\projects\opengl project\opengl assignment1\release\glshader.obj
c:\users\jaw\documents\visual studio 2013\projects\opengl project\opengl assignment1\release\glrenderer.obj
c:\users\jaw\documents\visual studio 2013\projects\opengl project\opengl assignment1\release\glprogram.obj
c:\users\jaw\documents\visual studio 2013\projects\opengl project\opengl assignment1\release\autopilot.obj
c:\users\jaw\documents\visual studio 2013\projects\opengl project\opengl assignment1\release\astar.obj
c:\users\jaw\documents\visual studio 2013\projects\opengl project\release\opengl project.exe
c:\users\jaw\documents\visual studio 2013\projects\opengl project\release\opengl project.pdb
c:\users\jaw\documents\visual studio 2013\projects\opengl project\opengl assignment1\release\opengl assignment1.res
c:\users\jaw\documents\visual studio 2013\projects\opengl project\opengl assignment1\release\opengl project.tlog\cl.command.1.tlog
c:\users\jaw\documents\visual studio 2013\projects\opengl project\opengl assignment1\release\opengl project.tlog\cl.read.1.tlog
c:\users\jaw\documents\visual studio 2013\projects\opengl project\opengl assignment1\release\opengl project.tlog\cl.write.1.tlog
c:\users\jaw\documents\visual studio 2013\projects\opengl project\opengl assignment1\release\opengl project.tlog\link.command.1.tlog
c:\users\jaw\documents\visual studio 2013\projects\opengl project\opengl assignment1\release\opengl project.tlog\link.read.1.tlog
c:\users\jaw\documents\visual studio 2013\projects\opengl project\opengl assignment1\release\opengl project.tlog\link.write.1.tlog
c:\users\jaw\documents\visual studio 2013\projects\opengl project\opengl assignment1\release\opengl project.tlog\rc.command.1.tlog
c:\users\jaw\documents\visual studio 2013\projects\opengl project\opengl assignment1\release\opengl project.tlog\rc.read.1.tlog
c:\users\jaw\documents\visual studio 2013\projects\opengl project\opengl assignment1\release\opengl project.tlog\rc.write.1.tlog
